<?xml version="1.0" encoding="UTF-8"?>
<!-- Generated by org.testng.reporters.JUnitReportReporter -->
<testsuite skipped="0" hostname="DESKTOP-TNO0M5Q" name="testCases.DEL_Delete_A_Product" tests="1" failures="0" timestamp="2021-06-26T12:51:13 CDT" time="2.008" errors="0">
  <testcase name="deleteAProduct" time="2.008" classname="testCases.DEL_Delete_A_Product"/>
  <system-out/>
</testsuite> <!-- testCases.DEL_Delete_A_Product -->
