<?xml version="1.0" encoding="UTF-8"?>
<!-- Generated by org.testng.reporters.JUnitReportReporter -->
<testsuite skipped="0" hostname="DESKTOP-TNO0M5Q" name="testCases.GET_Read_All_Products" tests="1" failures="0" timestamp="2021-07-01T18:36:51 CDT" time="2.731" errors="0">
  <testcase name="readAllProducts" time="2.731" classname="testCases.GET_Read_All_Products"/>
  <system-out/>
</testsuite> <!-- testCases.GET_Read_All_Products -->
