<?xml version="1.0" encoding="UTF-8"?>
<!-- Generated by org.testng.reporters.JUnitReportReporter -->
<testsuite skipped="0" hostname="DESKTOP-TNO0M5Q" name="testCases.POST_Create_A_Product" tests="1" failures="0" timestamp="2021-06-26T12:32:43 CDT" time="1.642" errors="0">
  <testcase name="createAProduct" time="1.642" classname="testCases.POST_Create_A_Product"/>
  <system-out/>
</testsuite> <!-- testCases.POST_Create_A_Product -->
