<?xml version="1.0" encoding="UTF-8"?>
<!-- Generated by org.testng.reporters.JUnitReportReporter -->
<testsuite skipped="0" hostname="DESKTOP-TNO0M5Q" name="testCases.PUT_Update_A_Product" tests="1" failures="0" timestamp="2021-06-26T12:41:56 CDT" time="1.991" errors="0">
  <testcase name="updateAProduct" time="1.991" classname="testCases.PUT_Update_A_Product"/>
  <system-out/>
</testsuite> <!-- testCases.PUT_Update_A_Product -->
